#
# There is insufficient memory for the Java Runtime Environment to continue.
# Native memory allocation (malloc) failed to allocate 1053856 bytes for Chunk::new
# Possible reasons:
#   The system is out of physical RAM or swap space
#   In 32 bit mode, the process size limit was hit
# Possible solutions:
#   Reduce memory load on the system
#   Increase physical memory or swap space
#   Check if swap backing store is full
#   Use 64 bit Java on a 64 bit OS
#   Decrease Java heap size (-Xmx/-Xms)
#   Decrease number of Java threads
#   Decrease Java thread stack sizes (-Xss)
#   Set larger code cache with -XX:ReservedCodeCacheSize=
# This output file may be truncated or incomplete.
#
#  Out of Memory Error (allocation.cpp:390), pid=5764, tid=0x0000000000001860
#
# JRE version: OpenJDK Runtime Environment (8.0_152-b06) (build 1.8.0_152-release-1136-b06)
# Java VM: OpenJDK 64-Bit Server VM (25.152-b06 mixed mode windows-amd64 compressed oops)
# Failed to write core dump. Minidumps are not enabled by default on client versions of Windows
#

---------------  T H R E A D  ---------------

Current thread (0x0000000057a74000):  JavaThread "C2 CompilerThread2" daemon [_thread_in_native, id=6240, stack(0x0000000059610000,0x0000000059710000)]

Stack: [0x0000000059610000,0x0000000059710000]
[error occurred during error reporting (printing stack bounds), id 0xc0000005]

Native frames: (J=compiled Java code, j=interpreted, Vv=VM code, C=native code)


Current CompileTask:
C2: 192745 25325       4       com.android.tools.r8.ir.conversion.IRBuilder::joinPredecessorsWithIdenticalPhis (394 bytes)


---------------  P R O C E S S  ---------------

Java Threads: ( => current thread )
  0x0000000070eea000 JavaThread "ForkJoinPool-36-worker-0" daemon [_thread_in_Java, id=2064, stack(0x0000000068400000,0x0000000068500000)]
  0x0000000070ee9000 JavaThread "ForkJoinPool-36-worker-7" daemon [_thread_blocked, id=4256, stack(0x00000000766b0000,0x00000000767b0000)]
  0x0000000070ee8800 JavaThread "ForkJoinPool-36-worker-6" daemon [_thread_blocked, id=2360, stack(0x00000000764c0000,0x00000000765c0000)]
  0x0000000070ee7800 JavaThread "ForkJoinPool-36-worker-5" daemon [_thread_blocked, id=5884, stack(0x00000000729c0000,0x0000000072ac0000)]
  0x0000000070ee6800 JavaThread "ForkJoinPool-36-worker-4" daemon [_thread_blocked, id=5136, stack(0x000000006a380000,0x000000006a480000)]
  0x000000005a0fd000 JavaThread "ForkJoinPool-36-worker-3" daemon [_thread_blocked, id=4320, stack(0x00000000762c0000,0x00000000763c0000)]
  0x000000005a0fc000 JavaThread "ForkJoinPool-36-worker-2" daemon [_thread_blocked, id=6472, stack(0x0000000074340000,0x0000000074440000)]
  0x000000006dd58800 JavaThread "ForkJoinPool-36-worker-1" daemon [_thread_blocked, id=6932, stack(0x000000006d440000,0x000000006d540000)]
  0x000000005a0fb800 JavaThread "ForkJoinPool.commonPool-worker-0" daemon [_thread_blocked, id=1236, stack(0x0000000074520000,0x0000000074620000)]
  0x00000000701f0800 JavaThread "Cache worker for Java compile cache (C:\Users\Vadosss63\Desktop\PlayerAUDI\AUDIPlayer\.gradle\4.6\javaCompile)" [_thread_blocked, id=3620, stack(0x0000000073110000,0x0000000073210000)]
  0x000000005a0f9000 JavaThread "stdout" daemon [_thread_in_native, id=4340, stack(0x0000000072730000,0x0000000072830000)]
  0x000000005a0f8800 JavaThread "stderr" daemon [_thread_in_native, id=6552, stack(0x0000000072020000,0x0000000072120000)]
  0x000000005a0f7800 JavaThread "stdout" daemon [_thread_in_native, id=4760, stack(0x0000000073000000,0x0000000073100000)]
  0x000000005a0f7000 JavaThread "stderr" daemon [_thread_in_native, id=1400, stack(0x0000000072ed0000,0x0000000072fd0000)]
  0x000000005a0f6000 JavaThread "stdout" daemon [_thread_in_native, id=4268, stack(0x00000000724d0000,0x00000000725d0000)]
  0x000000005bf09800 JavaThread "stderr" daemon [_thread_in_native, id=5836, stack(0x00000000723d0000,0x00000000724d0000)]
  0x000000005a1e3800 JavaThread "stdout" daemon [_thread_in_native, id=4684, stack(0x00000000722d0000,0x00000000723d0000)]
  0x000000005a1df000 JavaThread "stderr" daemon [_thread_in_native, id=3676, stack(0x0000000072120000,0x0000000072220000)]
  0x000000005e16b800 JavaThread "stdout" daemon [_thread_in_native, id=5988, stack(0x000000006d170000,0x000000006d270000)]
  0x000000005e16d000 JavaThread "stderr" daemon [_thread_in_native, id=2136, stack(0x000000006d990000,0x000000006da90000)]
  0x000000005e16c000 JavaThread "stdout" daemon [_thread_in_native, id=5276, stack(0x00000000675f0000,0x00000000676f0000)]
  0x000000005e16a800 JavaThread "stderr" daemon [_thread_in_native, id=4480, stack(0x000000006a870000,0x000000006a970000)]
  0x000000005e169000 JavaThread "stdout" daemon [_thread_in_native, id=6336, stack(0x000000006d5d0000,0x000000006d6d0000)]
  0x000000005e16a000 JavaThread "stderr" daemon [_thread_in_native, id=5592, stack(0x000000006a610000,0x000000006a710000)]
  0x0000000059e64800 JavaThread "pool-14-thread-1" [_thread_blocked, id=1312, stack(0x0000000069450000,0x0000000069550000)]
  0x0000000059e69000 JavaThread "ForkJoinPool.commonPool-worker-2" daemon [_thread_blocked, id=3016, stack(0x000000006a480000,0x000000006a580000)]
  0x0000000059e67000 JavaThread "ForkJoinPool.commonPool-worker-6" daemon [_thread_blocked, id=4200, stack(0x0000000068f80000,0x0000000069080000)]
  0x0000000059e71800 JavaThread "Task worker for ':' Thread 7" [_thread_blocked, id=2892, stack(0x00000000688f0000,0x00000000689f0000)]
  0x0000000059e63000 JavaThread "Task worker for ':' Thread 6" [_thread_blocked, id=5864, stack(0x0000000068b30000,0x0000000068c30000)]
  0x0000000059e6e800 JavaThread "Task worker for ':' Thread 5" [_thread_blocked, id=4316, stack(0x0000000068a20000,0x0000000068b20000)]
  0x0000000059e6a000 JavaThread "Task worker for ':' Thread 4" [_thread_blocked, id=4232, stack(0x00000000687d0000,0x00000000688d0000)]
  0x0000000059e70000 JavaThread "Task worker for ':' Thread 3" [_thread_blocked, id=6676, stack(0x00000000673e0000,0x00000000674e0000)]
  0x0000000059e6b800 JavaThread "Task worker for ':' Thread 2" [_thread_blocked, id=6876, stack(0x00000000682e0000,0x00000000683e0000)]
  0x0000000059e6a800 JavaThread "Task worker for ':'" [_thread_blocked, id=6136, stack(0x0000000067f60000,0x0000000068060000)]
  0x0000000059e66000 JavaThread "Cache worker for Build Output Cleanup Cache (C:\Users\Vadosss63\Desktop\PlayerAUDI\AUDIPlayer\.gradle\buildOutputCleanup)" [_thread_blocked, id=7044, stack(0x0000000067d60000,0x0000000067e60000)]
  0x0000000059e68800 JavaThread "Cache worker for task history cache (C:\Users\Vadosss63\Desktop\PlayerAUDI\AUDIPlayer\.gradle\4.6\taskHistory)" [_thread_blocked, id=6428, stack(0x0000000063cf0000,0x0000000063df0000)]
  0x000000006dd57800 JavaThread "Cache worker for file content cache (C:\Users\Vadosss63\Desktop\PlayerAUDI\AUDIPlayer\.gradle\4.6\fileContent)" [_thread_blocked, id=5288, stack(0x00000000672b0000,0x00000000673b0000)]
  0x000000006dd5d800 JavaThread "Build operations Thread 8" [_thread_blocked, id=6148, stack(0x0000000066ea0000,0x0000000066fa0000)]
  0x000000006dd5d000 JavaThread "Build operations Thread 7" [_thread_blocked, id=6940, stack(0x0000000067180000,0x0000000067280000)]
  0x000000006dd5c000 JavaThread "Build operations Thread 6" [_thread_blocked, id=6980, stack(0x0000000066d90000,0x0000000066e90000)]
  0x000000006dd5b800 JavaThread "Build operations Thread 5" [_thread_blocked, id=6592, stack(0x0000000064d50000,0x0000000064e50000)]
  0x000000006dd5a800 JavaThread "Build operations Thread 4" [_thread_blocked, id=7132, stack(0x0000000063960000,0x0000000063a60000)]
  0x000000006dd5a000 JavaThread "Build operations Thread 3" [_thread_blocked, id=3188, stack(0x0000000063e00000,0x0000000063f00000)]
  0x0000000057b15800 JavaThread "Build operations Thread 2" [_thread_blocked, id=3440, stack(0x0000000063bd0000,0x0000000063cd0000)]
  0x0000000057b16000 JavaThread "Build operations" [_thread_blocked, id=656, stack(0x0000000063a60000,0x0000000063b60000)]
  0x0000000057b13000 JavaThread "Cache worker for Artifact transforms cache (C:\Users\Vadosss63\.gradle\caches\transforms-1)" [_thread_blocked, id=5796, stack(0x0000000062a60000,0x0000000062b60000)]
  0x0000000057b11800 JavaThread "Cache worker for file hash cache (C:\Users\Vadosss63\Desktop\PlayerAUDI\AUDIPlayer\.gradle\4.6\fileHashes)" [_thread_blocked, id=7136, stack(0x0000000062e30000,0x0000000062f30000)]
  0x0000000057b11000 JavaThread "Stdin handler" [_thread_blocked, id=5632, stack(0x0000000063830000,0x0000000063930000)]
  0x0000000057b14800 JavaThread "Asynchronous log dispatcher for DefaultDaemonConnection: socket connection from /127.0.0.1:3054 to /127.0.0.1:3162" [_thread_blocked, id=2252, stack(0x0000000060210000,0x0000000060310000)]
  0x0000000057b14000 JavaThread "Cancel handler" [_thread_blocked, id=6516, stack(0x000000005c670000,0x000000005c770000)]
  0x0000000057b17000 JavaThread "Handler for socket connection from /127.0.0.1:3054 to /127.0.0.1:3162" [_thread_in_native, id=4436, stack(0x0000000062950000,0x0000000062a50000)]
  0x000000006dd57000 JavaThread "ForkJoinPool-32-worker-6" daemon [_thread_blocked, id=1940, stack(0x0000000072880000,0x0000000072980000)]
  0x00000000701f4000 JavaThread "ForkJoinPool-32-worker-5" daemon [_thread_blocked, id=5340, stack(0x000000006fe40000,0x000000006ff40000)]
  0x00000000701f3800 JavaThread "ForkJoinPool-32-worker-4" daemon [_thread_blocked, id=5756, stack(0x0000000072600000,0x0000000072700000)]
  0x00000000701f2800 JavaThread "ForkJoinPool-32-worker-3" daemon [_thread_blocked, id=5652, stack(0x000000006fbe0000,0x000000006fce0000)]
  0x00000000701f1000 JavaThread "ForkJoinPool-31-worker-0" daemon [_thread_blocked, id=2544, stack(0x000000006fcf0000,0x000000006fdf0000)]
  0x00000000701ef800 JavaThread "ForkJoinPool-31-worker-6" daemon [_thread_blocked, id=6404, stack(0x000000006c670000,0x000000006c770000)]
  0x00000000701ef000 JavaThread "ForkJoinPool-31-worker-5" daemon [_thread_blocked, id=3248, stack(0x000000006d7b0000,0x000000006d8b0000)]
  0x000000005a1e5000 JavaThread "ForkJoinPool-31-worker-2" daemon [_thread_blocked, id=5424, stack(0x000000006d270000,0x000000006d370000)]
  0x000000005a1df800 JavaThread "ForkJoinPool.commonPool-worker-7" daemon [_thread_blocked, id=4920, stack(0x000000006a750000,0x000000006a850000)]
  0x000000005bf07000 JavaThread "ForkJoinPool.commonPool-worker-4" daemon [_thread_blocked, id=6160, stack(0x000000006a220000,0x000000006a320000)]
  0x000000005bf06800 JavaThread "ForkJoinPool.commonPool-worker-3" daemon [_thread_blocked, id=6840, stack(0x0000000069560000,0x0000000069660000)]
  0x0000000057b12800 JavaThread "ForkJoinPool.commonPool-worker-1" daemon [_thread_blocked, id=6528, stack(0x0000000068cc0000,0x0000000068dc0000)]
  0x000000005bf04000 JavaThread "MarlinRenderer Disposer" daemon [_thread_blocked, id=5492, stack(0x00000000690f0000,0x00000000691f0000)]
  0x000000005bf03800 JavaThread "Java2D Disposer" daemon [_thread_blocked, id=912, stack(0x0000000068e40000,0x0000000068f40000)]
  0x0000000059e6d800 JavaThread "pool-1-thread-1" [_thread_blocked, id=6948, stack(0x0000000067020000,0x0000000067120000)]
  0x0000000059e6c000 JavaThread "Memory manager" [_thread_blocked, id=5984, stack(0x0000000064190000,0x0000000064290000)]
  0x000000005b9ff000 JavaThread "File lock request listener" [_thread_in_native, id=6668, stack(0x000000005d6c0000,0x000000005d7c0000)]
  0x000000005b9c3000 JavaThread "Cache worker for file hash cache (C:\Users\Vadosss63\.gradle\caches\4.6\fileHashes)" [_thread_blocked, id=6988, stack(0x000000005cfc0000,0x000000005d0c0000)]
  0x000000005ae7e800 JavaThread "Daemon worker" [_thread_blocked, id=5172, stack(0x000000005d120000,0x000000005d220000)]
  0x000000005b21a000 JavaThread "Daemon" [_thread_blocked, id=6620, stack(0x000000005ccb0000,0x000000005cdb0000)]
  0x000000005ac5b800 JavaThread "Daemon periodic checks" [_thread_blocked, id=5404, stack(0x000000005ca50000,0x000000005cb50000)]
  0x000000005b269000 JavaThread "Incoming local TCP Connector on port 3054" [_thread_in_native, id=5672, stack(0x000000005c8f0000,0x000000005c9f0000)]
  0x0000000057afe800 JavaThread "Service Thread" daemon [_thread_blocked, id=2180, stack(0x0000000059970000,0x0000000059a70000)]
  0x0000000057a95000 JavaThread "C1 CompilerThread3" daemon [_thread_blocked, id=5200, stack(0x00000000597a0000,0x00000000598a0000)]
=>0x0000000057a74000 JavaThread "C2 CompilerThread2" daemon [_thread_in_native, id=6240, stack(0x0000000059610000,0x0000000059710000)]
  0x0000000057a6b000 JavaThread "C2 CompilerThread1" daemon [_thread_in_native, id=4440, stack(0x0000000059440000,0x0000000059540000)]
  0x0000000057a61800 JavaThread "C2 CompilerThread0" daemon [_thread_in_native, id=7152, stack(0x0000000059250000,0x0000000059350000)]
  0x0000000057a5e800 JavaThread "Attach Listener" daemon [_thread_blocked, id=5244, stack(0x0000000058c10000,0x0000000058d10000)]
  0x0000000057a5d000 JavaThread "Signal Dispatcher" daemon [_thread_blocked, id=6968, stack(0x00000000590a0000,0x00000000591a0000)]
  0x0000000056abc000 JavaThread "Finalizer" daemon [_thread_blocked, id=5732, stack(0x0000000058f00000,0x0000000059000000)]
  0x0000000056ab5000 JavaThread "Reference Handler" daemon [_thread_blocked, id=6200, stack(0x0000000058d20000,0x0000000058e20000)]
  0x00000000023ae800 JavaThread "main" [_thread_blocked, id=6568, stack(0x0000000002460000,0x0000000002560000)]

Other Threads:
  0x0000000057a11800 VMThread [stack: 0x0000000058a40000,0x0000000058b40000] [id=1780]
  0x0000000057ad6000 WatcherThread [stack: 0x0000000059a90000,0x0000000059b90000] [id=6076]

VM state:not at safepoint (normal execution)

VM Mutex/Monitor currently owned by a thread: None

Heap:
 PSYoungGen      total 482304K, used 141937K [0x00000000e0000000, 0x0000000100000000, 0x0000000100000000)
  eden space 444928K, 26% used [0x00000000e0000000,0x00000000e71f1f10,0x00000000fb280000)
  from space 37376K, 67% used [0x00000000fb280000,0x00000000fcb2a668,0x00000000fd700000)
  to   space 39424K, 0% used [0x00000000fd980000,0x00000000fd980000,0x0000000100000000)
 ParOldGen       total 178176K, used 126929K [0x00000000a0000000, 0x00000000aae00000, 0x00000000e0000000)
  object space 178176K, 71% used [0x00000000a0000000,0x00000000a7bf47a8,0x00000000aae00000)
 Metaspace       used 98830K, capacity 103258K, committed 103448K, reserved 1138688K
  class space    used 12282K, capacity 13267K, committed 13360K, reserved 1048576K

Card table byte_map: [0x0000000011c90000,0x0000000011fa0000] byte_map_base: 0x0000000011790000

Marking Bits: (ParMarkBitMap*) 0x0000000063725aa0
 Begin Bits: [0x0000000012dd0000, 0x00000000145d0000)
 End Bits:   [0x00000000145d0000, 0x0000000015dd0000)

Polling page: 0x0000000000130000

CodeCache: size=245760Kb used=67928Kb max_used=68365Kb free=177831Kb
 bounds [0x00000000028d0000, 0x0000000006bf0000, 0x00000000118d0000]
 total_blobs=20631 nmethods=19632 adapters=909
 compilation: enabled

Compilation events (10 events):
Event: 192.624 Thread 0x0000000057a95000 25714       2       com.android.tools.r8.code.SputBoolean::write (7 bytes)
Event: 192.625 Thread 0x0000000057a95000 nmethod 25714 0x00000000040a24d0 code [0x00000000040a2640, 0x00000000040a2838]
Event: 192.636 Thread 0x0000000057a95000 25715       1       com.android.tools.r8.code.IputChar::getOpcode (3 bytes)
Event: 192.636 Thread 0x0000000057a95000 nmethod 25715 0x000000000512e910 code [0x000000000512ea60, 0x000000000512eb70]
Event: 192.638 Thread 0x0000000057a95000 25716       1       com.android.tools.r8.code.InvokeSuperRange::getOpcode (3 bytes)
Event: 192.638 Thread 0x0000000057a61800 nmethod 25387 0x0000000003ec7390 code [0x0000000003ec7680, 0x0000000003eca3a0]
Event: 192.638 Thread 0x0000000057a95000 nmethod 25716 0x000000000512e650 code [0x000000000512e7a0, 0x000000000512e8b0]
Event: 192.638 Thread 0x0000000057a61800 25350       4       java.util.HashMap$EntrySpliterator::forEachRemaining (183 bytes)
Event: 192.644 Thread 0x0000000057a61800 nmethod 25350 0x0000000004453850 code [0x00000000044539a0, 0x0000000004453cb8]
Event: 192.644 Thread 0x0000000057a61800 25327       4       com.android.tools.r8.ir.code.BasicBlock::deduplicatePhis (144 bytes)

GC Heap History (10 events):
Event: 169.547 GC heap before
{Heap before GC invocations=32 (full 5):
 PSYoungGen      total 481792K, used 461248K [0x00000000e0000000, 0x00000000ffc00000, 0x0000000100000000)
  eden space 448512K, 99% used [0x00000000e0000000,0x00000000fb5d5390,0x00000000fb600000)
  from space 33280K, 38% used [0x00000000fdb80000,0x00000000fe81af40,0x00000000ffc00000)
  to   space 35840K, 0% used [0x00000000fb600000,0x00000000fb600000,0x00000000fd900000)
 ParOldGen       total 178176K, used 111252K [0x00000000a0000000, 0x00000000aae00000, 0x00000000e0000000)
  object space 178176K, 62% used [0x00000000a0000000,0x00000000a6ca51b0,0x00000000aae00000)
 Metaspace       used 95788K, capacity 99700K, committed 99992K, reserved 1136640K
  class space    used 11955K, capacity 12830K, committed 12976K, reserved 1048576K
Event: 169.591 GC heap after
Heap after GC invocations=32 (full 5):
 PSYoungGen      total 484352K, used 32676K [0x00000000e0000000, 0x0000000100000000, 0x0000000100000000)
  eden space 448512K, 0% used [0x00000000e0000000,0x00000000e0000000,0x00000000fb600000)
  from space 35840K, 91% used [0x00000000fb600000,0x00000000fd5e9138,0x00000000fd900000)
  to   space 39936K, 0% used [0x00000000fd900000,0x00000000fd900000,0x0000000100000000)
 ParOldGen       total 178176K, used 114044K [0x00000000a0000000, 0x00000000aae00000, 0x00000000e0000000)
  object space 178176K, 64% used [0x00000000a0000000,0x00000000a6f5f048,0x00000000aae00000)
 Metaspace       used 95788K, capacity 99700K, committed 99992K, reserved 1136640K
  class space    used 11955K, capacity 12830K, committed 12976K, reserved 1048576K
}
Event: 175.341 GC heap before
{Heap before GC invocations=33 (full 5):
 PSYoungGen      total 484352K, used 481053K [0x00000000e0000000, 0x0000000100000000, 0x0000000100000000)
  eden space 448512K, 99% used [0x00000000e0000000,0x00000000fb5de300,0x00000000fb600000)
  from space 35840K, 91% used [0x00000000fb600000,0x00000000fd5e9138,0x00000000fd900000)
  to   space 39936K, 0% used [0x00000000fd900000,0x00000000fd900000,0x0000000100000000)
 ParOldGen       total 178176K, used 114044K [0x00000000a0000000, 0x00000000aae00000, 0x00000000e0000000)
  object space 178176K, 64% used [0x00000000a0000000,0x00000000a6f5f048,0x00000000aae00000)
 Metaspace       used 97612K, capacity 101780K, committed 102040K, reserved 1138688K
  class space    used 12215K, capacity 13140K, committed 13232K, reserved 1048576K
Event: 175.434 GC heap after
Heap after GC invocations=33 (full 5):
 PSYoungGen      total 484864K, used 8382K [0x00000000e0000000, 0x0000000100000000, 0x0000000100000000)
  eden space 444928K, 0% used [0x00000000e0000000,0x00000000e0000000,0x00000000fb280000)
  from space 39936K, 20% used [0x00000000fd900000,0x00000000fe12fbd8,0x0000000100000000)
  to   space 39424K, 0% used [0x00000000fb280000,0x00000000fb280000,0x00000000fd900000)
 ParOldGen       total 178176K, used 115698K [0x00000000a0000000, 0x00000000aae00000, 0x00000000e0000000)
  object space 178176K, 64% used [0x00000000a0000000,0x00000000a70fcb58,0x00000000aae00000)
 Metaspace       used 97612K, capacity 101780K, committed 102040K, reserved 1138688K
  class space    used 12215K, capacity 13140K, committed 13232K, reserved 1048576K
}
Event: 175.565 GC heap before
{Heap before GC invocations=34 (full 5):
 PSYoungGen      total 484864K, used 452385K [0x00000000e0000000, 0x0000000100000000, 0x0000000100000000)
  eden space 444928K, 99% used [0x00000000e0000000,0x00000000fb198840,0x00000000fb280000)
  from space 39936K, 20% used [0x00000000fd900000,0x00000000fe12fbd8,0x0000000100000000)
  to   space 39424K, 0% used [0x00000000fb280000,0x00000000fb280000,0x00000000fd900000)
 ParOldGen       total 178176K, used 115698K [0x00000000a0000000, 0x00000000aae00000, 0x00000000e0000000)
  object space 178176K, 64% used [0x00000000a0000000,0x00000000a70fcb58,0x00000000aae00000)
 Metaspace       used 97627K, capacity 101844K, committed 102040K, reserved 1138688K
  class space    used 12215K, capacity 13140K, committed 13232K, reserved 1048576K
Event: 175.711 GC heap after
Heap after GC invocations=34 (full 5):
 PSYoungGen      total 484352K, used 96K [0x00000000e0000000, 0x0000000100000000, 0x0000000100000000)
  eden space 444928K, 0% used [0x00000000e0000000,0x00000000e0000000,0x00000000fb280000)
  from space 39424K, 0% used [0x00000000fb280000,0x00000000fb298000,0x00000000fd900000)
  to   space 39936K, 0% used [0x00000000fd900000,0x00000000fd900000,0x0000000100000000)
 ParOldGen       total 178176K, used 118256K [0x00000000a0000000, 0x00000000aae00000, 0x00000000e0000000)
  object space 178176K, 66% used [0x00000000a0000000,0x00000000a737c208,0x00000000aae00000)
 Metaspace       used 97627K, capacity 101844K, committed 102040K, reserved 1138688K
  class space    used 12215K, capacity 13140K, committed 13232K, reserved 1048576K
}
Event: 189.614 GC heap before
{Heap before GC invocations=35 (full 5):
 PSYoungGen      total 484352K, used 445024K [0x00000000e0000000, 0x0000000100000000, 0x0000000100000000)
  eden space 444928K, 100% used [0x00000000e0000000,0x00000000fb280000,0x00000000fb280000)
  from space 39424K, 0% used [0x00000000fb280000,0x00000000fb298000,0x00000000fd900000)
  to   space 39936K, 0% used [0x00000000fd900000,0x00000000fd900000,0x0000000100000000)
 ParOldGen       total 178176K, used 118256K [0x00000000a0000000, 0x00000000aae00000, 0x00000000e0000000)
  object space 178176K, 66% used [0x00000000a0000000,0x00000000a737c208,0x00000000aae00000)
 Metaspace       used 98690K, capacity 103176K, committed 103448K, reserved 1138688K
  class space    used 12279K, capacity 13264K, committed 13360K, reserved 1048576K
Event: 189.657 GC heap after
Heap after GC invocations=35 (full 5):
 PSYoungGen      total 480256K, used 13607K [0x00000000e0000000, 0x00000000ffb80000, 0x0000000100000000)
  eden space 444928K, 0% used [0x00000000e0000000,0x00000000e0000000,0x00000000fb280000)
  from space 35328K, 38% used [0x00000000fd900000,0x00000000fe649d88,0x00000000ffb80000)
  to   space 37376K, 0% used [0x00000000fb280000,0x00000000fb280000,0x00000000fd700000)
 ParOldGen       total 178176K, used 118320K [0x00000000a0000000, 0x00000000aae00000, 0x00000000e0000000)
  object space 178176K, 66% used [0x00000000a0000000,0x00000000a738c208,0x00000000aae00000)
 Metaspace       used 98690K, capacity 103176K, committed 103448K, reserved 1138688K
  class space    used 12279K, capacity 13264K, committed 13360K, reserved 1048576K
}
Event: 191.625 GC heap before
{Heap before GC invocations=36 (full 5):
 PSYoungGen      total 480256K, used 458535K [0x00000000e0000000, 0x00000000ffb80000, 0x0000000100000000)
  eden space 444928K, 100% used [0x00000000e0000000,0x00000000fb280000,0x00000000fb280000)
  from space 35328K, 38% used [0x00000000fd900000,0x00000000fe649d88,0x00000000ffb80000)
  to   space 37376K, 0% used [0x00000000fb280000,0x00000000fb280000,0x00000000fd700000)
 ParOldGen       total 178176K, used 118320K [0x00000000a0000000, 0x00000000aae00000, 0x00000000e0000000)
  object space 178176K, 66% used [0x00000000a0000000,0x00000000a738c208,0x00000000aae00000)
 Metaspace       used 98812K, capacity 103258K, committed 103448K, reserved 1138688K
  class space    used 12282K, capacity 13267K, committed 13360K, reserved 1048576K
Event: 191.781 GC heap after
Heap after GC invocations=36 (full 5):
 PSYoungGen      total 482304K, used 25257K [0x00000000e0000000, 0x0000000100000000, 0x0000000100000000)
  eden space 444928K, 0% used [0x00000000e0000000,0x00000000e0000000,0x00000000fb280000)
  from space 37376K, 67% used [0x00000000fb280000,0x00000000fcb2a668,0x00000000fd700000)
  to   space 39424K, 0% used [0x00000000fd980000,0x00000000fd980000,0x0000000100000000)
 ParOldGen       total 178176K, used 126929K [0x00000000a0000000, 0x00000000aae00000, 0x00000000e0000000)
  object space 178176K, 71% used [0x00000000a0000000,0x00000000a7bf47a8,0x00000000aae00000)
 Metaspace       used 98812K, capacity 103258K, committed 103448K, reserved 1138688K
  class space    used 12282K, capacity 13267K, committed 13360K, reserved 1048576K
}

Deoptimization events (10 events):
Event: 190.759 Thread 0x0000000059e71800 Uncommon trap: reason=unstable_if action=reinterpret pc=0x0000000004855c54 method=sun.nio.fs.WindowsPath.openForReadAttributeAccess(Z)J @ 4
Event: 191.082 Thread 0x000000005bf07000 Uncommon trap: reason=class_check action=maybe_recompile pc=0x0000000006ba0d94 method=com.android.tools.r8.ir.conversion.IRBuilder.addInstruction(Lcom/android/tools/r8/ir/code/Instruction;)V @ 6
Event: 191.099 Thread 0x0000000059e69000 Uncommon trap: reason=class_check action=maybe_recompile pc=0x0000000006ba0d94 method=com.android.tools.r8.ir.conversion.IRBuilder.addInstruction(Lcom/android/tools/r8/ir/code/Instruction;)V @ 6
Event: 191.100 Thread 0x0000000059e69000 Uncommon trap: reason=class_check action=maybe_recompile pc=0x0000000006ba0d94 method=com.android.tools.r8.ir.conversion.IRBuilder.addInstruction(Lcom/android/tools/r8/ir/code/Instruction;)V @ 6
Event: 191.102 Thread 0x0000000059e69000 Uncommon trap: reason=class_check action=maybe_recompile pc=0x0000000006ba0d94 method=com.android.tools.r8.ir.conversion.IRBuilder.addInstruction(Lcom/android/tools/r8/ir/code/Instruction;)V @ 6
Event: 191.244 Thread 0x0000000059e69000 Uncommon trap: reason=array_check action=maybe_recompile pc=0x0000000006bd9138 method=java.util.TimSort.mergeLo(IIII)V @ 133
Event: 191.262 Thread 0x0000000059e67000 Uncommon trap: reason=array_check action=maybe_recompile pc=0x0000000006bd9138 method=java.util.TimSort.mergeLo(IIII)V @ 133
Event: 191.497 Thread 0x0000000059e71800 Uncommon trap: reason=predicate action=maybe_recompile pc=0x00000000068b4760 method=com.google.common.collect.RegularImmutableMap.fromEntryArray(I[Ljava/util/Map$Entry;)Lcom/google/common/collect/RegularImmutableMap; @ 62
Event: 192.501 Thread 0x0000000070eea000 Uncommon trap: reason=array_check action=maybe_recompile pc=0x0000000004c1a6b8 method=java.util.TimSort.mergeLo(IIII)V @ 468
Event: 192.502 Thread 0x0000000070eea000 Uncommon trap: reason=array_check action=maybe_recompile pc=0x0000000004c1a6b8 method=java.util.TimSort.mergeLo(IIII)V @ 468

Classes redefined (0 events):
No events

Internal exceptions (10 events):
Event: 191.350 Thread 0x0000000059e69000 Exception <a 'sun/nio/fs/WindowsException'> (0x00000000f8e6b970) thrown at [D:\src\AOSP-openjdk-cygwin\jdk8u\hotspot\src\share\vm\prims\jni.cpp, line 709]
Event: 191.353 Thread 0x000000005bf06800 Exception <a 'sun/nio/fs/WindowsException'> (0x00000000f8ef1968) thrown at [D:\src\AOSP-openjdk-cygwin\jdk8u\hotspot\src\share\vm\prims\jni.cpp, line 709]
Event: 191.353 Thread 0x0000000059e69000 Exception <a 'sun/nio/fs/WindowsException'> (0x00000000f8fe68a8) thrown at [D:\src\AOSP-openjdk-cygwin\jdk8u\hotspot\src\share\vm\prims\jni.cpp, line 709]
Event: 191.355 Thread 0x000000005bf06800 Exception <a 'sun/nio/fs/WindowsException'> (0x00000000f8f37420) thrown at [D:\src\AOSP-openjdk-cygwin\jdk8u\hotspot\src\share\vm\prims\jni.cpp, line 709]
Event: 191.357 Thread 0x0000000059e69000 Exception <a 'sun/nio/fs/WindowsException'> (0x00000000f8fec378) thrown at [D:\src\AOSP-openjdk-cygwin\jdk8u\hotspot\src\share\vm\prims\jni.cpp, line 709]
Event: 191.357 Thread 0x000000005bf06800 Exception <a 'sun/nio/fs/WindowsException'> (0x00000000f8f7c998) thrown at [D:\src\AOSP-openjdk-cygwin\jdk8u\hotspot\src\share\vm\prims\jni.cpp, line 709]
Event: 191.358 Thread 0x000000005bf06800 Exception <a 'sun/nio/fs/WindowsException'> (0x00000000f8f82230) thrown at [D:\src\AOSP-openjdk-cygwin\jdk8u\hotspot\src\share\vm\prims\jni.cpp, line 709]
Event: 191.359 Thread 0x0000000059e69000 Exception <a 'sun/nio/fs/WindowsException'> (0x00000000f90774c0) thrown at [D:\src\AOSP-openjdk-cygwin\jdk8u\hotspot\src\share\vm\prims\jni.cpp, line 709]
Event: 191.504 Thread 0x0000000059e71800 Exception <a 'sun/nio/fs/WindowsException'> (0x00000000f93346e8) thrown at [D:\src\AOSP-openjdk-cygwin\jdk8u\hotspot\src\share\vm\prims\jni.cpp, line 709]
Event: 191.582 Thread 0x0000000059e71800 Exception <a 'sun/nio/fs/WindowsException'> (0x00000000fa368278) thrown at [D:\src\AOSP-openjdk-cygwin\jdk8u\hotspot\src\share\vm\prims\jni.cpp, line 709]

Events (10 events):
Event: 192.350 Thread 0x0000000070eea000 DEOPT PACKING pc=0x00000000050f1e69 sp=0x00000000684feba0
Event: 192.350 Thread 0x0000000070eea000 DEOPT UNPACKING pc=0x00000000029175d0 sp=0x00000000684fe910 mode 0
Event: 192.355 Thread 0x0000000070eea000 DEOPT PACKING pc=0x00000000050f1e69 sp=0x00000000684feba0
Event: 192.355 Thread 0x0000000070eea000 DEOPT UNPACKING pc=0x00000000029175d0 sp=0x00000000684fe910 mode 0
Event: 192.501 Thread 0x0000000070eea000 Uncommon trap: trap_request=0xffffffd6 fr.pc=0x0000000004c1a6b8
Event: 192.501 Thread 0x0000000070eea000 DEOPT PACKING pc=0x0000000004c1a6b8 sp=0x00000000684fed90
Event: 192.501 Thread 0x0000000070eea000 DEOPT UNPACKING pc=0x000000000291557b sp=0x00000000684fed88 mode 2
Event: 192.502 Thread 0x0000000070eea000 Uncommon trap: trap_request=0xffffffd6 fr.pc=0x0000000004c1a6b8
Event: 192.502 Thread 0x0000000070eea000 DEOPT PACKING pc=0x0000000004c1a6b8 sp=0x00000000684fed90
Event: 192.502 Thread 0x0000000070eea000 DEOPT UNPACKING pc=0x000000000291557b sp=0x00000000684fed88 mode 2


Dynamic libraries:
0x000000013fb30000 - 0x000000013fb61000 	C:\Program Files\Android\Android Studio\jre\bin\java.exe
0x0000000076f40000 - 0x00000000770e9000 	C:\Windows\SYSTEM32\ntdll.dll
0x0000000076d20000 - 0x0000000076e3f000 	C:\Windows\system32\kernel32.dll
0x000007fefd1b0000 - 0x000007fefd21b000 	C:\Windows\system32\KERNELBASE.dll
0x000007fefe000000 - 0x000007fefe0db000 	C:\Windows\system32\ADVAPI32.dll
0x000007fefe710000 - 0x000007fefe7af000 	C:\Windows\system32\msvcrt.dll
0x000007fefe340000 - 0x000007fefe35f000 	C:\Windows\SYSTEM32\sechost.dll
0x000007fefeb80000 - 0x000007fefecad000 	C:\Windows\system32\RPCRT4.dll
0x0000000076e40000 - 0x0000000076f3a000 	C:\Windows\system32\USER32.dll
0x000007fefe490000 - 0x000007fefe4f7000 	C:\Windows\system32\GDI32.dll
0x000007fefe5e0000 - 0x000007fefe5ee000 	C:\Windows\system32\LPK.dll
0x000007fefe5f0000 - 0x000007fefe6b9000 	C:\Windows\system32\USP10.dll
0x000007fefb4f0000 - 0x000007fefb6e4000 	C:\Windows\WinSxS\amd64_microsoft.windows.common-controls_6595b64144ccf1df_6.0.7601.17514_none_fa396087175ac9ac\COMCTL32.dll
0x000007fefe9c0000 - 0x000007fefea31000 	C:\Windows\system32\SHLWAPI.dll
0x000007fefecb0000 - 0x000007fefecde000 	C:\Windows\system32\IMM32.DLL
0x000007fefefc0000 - 0x000007feff0c9000 	C:\Windows\system32\MSCTF.dll
0x000007fefce50000 - 0x000007fefce81000 	C:\Windows\system32\nvinitx.dll
0x000007fefce40000 - 0x000007fefce4c000 	C:\Windows\system32\VERSION.dll
0x0000000074510000 - 0x0000000074516000 	C:\Program Files\NVIDIA Corporation\CoProcManager\detoured.dll
0x000007fef8830000 - 0x000007fef8862000 	C:\Program Files\NVIDIA Corporation\CoProcManager\nvd3d9wrapx.dll
0x000007fefede0000 - 0x000007fefefb7000 	C:\Windows\system32\SETUPAPI.dll
0x000007fefd220000 - 0x000007fefd256000 	C:\Windows\system32\CFGMGR32.dll
0x000007fefe500000 - 0x000007fefe5d7000 	C:\Windows\system32\OLEAUT32.dll
0x000007fefe7b0000 - 0x000007fefe9b3000 	C:\Windows\system32\ole32.dll
0x000007fefcf40000 - 0x000007fefcf5a000 	C:\Windows\system32\DEVOBJ.dll
0x000007fef87f0000 - 0x000007fef8812000 	C:\Program Files\NVIDIA Corporation\CoProcManager\nvdxgiwrapx.dll
0x000000006db20000 - 0x000000006dbf2000 	C:\Program Files\Android\Android Studio\jre\jre\bin\msvcr100.dll
0x0000000062f60000 - 0x00000000637a1000 	C:\Program Files\Android\Android Studio\jre\jre\bin\server\jvm.dll
0x000007feee2a0000 - 0x000007feee2a9000 	C:\Windows\system32\WSOCK32.dll
0x000007fefe6c0000 - 0x000007fefe70d000 	C:\Windows\system32\WS2_32.dll
0x000007fefd260000 - 0x000007fefd268000 	C:\Windows\system32\NSI.dll
0x000007fef9620000 - 0x000007fef965b000 	C:\Windows\system32\WINMM.dll
0x0000000077110000 - 0x0000000077117000 	C:\Windows\system32\PSAPI.DLL
0x000007fef27f0000 - 0x000007fef27ff000 	C:\Program Files\Android\Android Studio\jre\jre\bin\verify.dll
0x000007fef27c0000 - 0x000007fef27e9000 	C:\Program Files\Android\Android Studio\jre\jre\bin\java.dll
0x000007fef27a0000 - 0x000007fef27b6000 	C:\Program Files\Android\Android Studio\jre\jre\bin\zip.dll
0x000007fefd270000 - 0x000007fefdff8000 	C:\Windows\system32\SHELL32.dll
0x000007fefce90000 - 0x000007fefce9f000 	C:\Windows\system32\profapi.dll
0x000007fef2780000 - 0x000007fef279a000 	C:\Program Files\Android\Android Studio\jre\jre\bin\net.dll
0x000007fefc670000 - 0x000007fefc6c5000 	C:\Windows\system32\mswsock.dll
0x000007fefc660000 - 0x000007fefc667000 	C:\Windows\System32\wship6.dll
0x000007fef2760000 - 0x000007fef2771000 	C:\Program Files\Android\Android Studio\jre\jre\bin\nio.dll
0x000007fef1040000 - 0x000007fef105e000 	C:\Users\Vadosss63\.gradle\native\25\windows-amd64\native-platform.dll
0x000007fef2800000 - 0x000007fef280d000 	C:\Program Files\Android\Android Studio\jre\jre\bin\management.dll
0x000007fefc6d0000 - 0x000007fefc6e7000 	C:\Windows\system32\CRYPTSP.dll
0x000007fefc3d0000 - 0x000007fefc417000 	C:\Windows\system32\rsaenh.dll
0x000007fefc180000 - 0x000007fefc19e000 	C:\Windows\system32\USERENV.dll
0x000007fefcd30000 - 0x000007fefcd3f000 	C:\Windows\system32\CRYPTBASE.dll
0x000007fefb420000 - 0x000007fefb447000 	C:\Windows\system32\IPHLPAPI.DLL
0x000007fefb410000 - 0x000007fefb41b000 	C:\Windows\system32\WINNSI.DLL
0x000007fefb290000 - 0x000007fefb2a8000 	C:\Windows\system32\dhcpcsvc.DLL
0x000007fefae90000 - 0x000007fefaea1000 	C:\Windows\system32\dhcpcsvc6.DLL
0x000007fefccd0000 - 0x000007fefcd27000 	C:\Windows\system32\apphelp.dll
0x000007feefb40000 - 0x000007feefb64000 	C:\Program Files\Android\Android Studio\jre\jre\bin\sunec.dll
0x000007fefc050000 - 0x000007fefc057000 	C:\Windows\System32\wshtcpip.dll
0x000007fefc4f0000 - 0x000007fefc54b000 	C:\Windows\system32\DNSAPI.dll
0x000007fef5d50000 - 0x000007fef5d58000 	C:\Windows\system32\rasadhlp.dll
0x000007fefb0b0000 - 0x000007fefb103000 	C:\Windows\System32\fwpuclnt.dll
0x000007fef1060000 - 0x000007fef106b000 	C:\Program Files\Android\Android Studio\jre\jre\bin\sunmscapi.dll
0x000007fefcf60000 - 0x000007fefd0c7000 	C:\Windows\system32\CRYPT32.dll
0x000007fefcf30000 - 0x000007fefcf3f000 	C:\Windows\system32\MSASN1.dll
0x000007feebd90000 - 0x000007feebf27000 	C:\Program Files\Android\Android Studio\jre\jre\bin\awt.dll
0x000007feebca0000 - 0x000007feebd82000 	C:\Windows\system32\d2d1.dll
0x000007fef9d30000 - 0x000007fef9d48000 	C:\Windows\system32\DWMAPI.DLL

VM Arguments:
jvm_args: -Xmx1536m -Dfile.encoding=windows-1251 -Duser.country=RU -Duser.language=ru -Duser.variant 
java_command: org.gradle.launcher.daemon.bootstrap.GradleDaemon 4.6
java_class_path (initial): C:\Users\Vadosss63\.gradle\wrapper\dists\gradle-4.6-all\bcst21l2brirad8k2ben1letg\gradle-4.6\lib\gradle-launcher-4.6.jar
Launcher Type: SUN_STANDARD

Environment Variables:
JAVA_HOME=C:\Program Files\Java\jdk-11
PATH=C:\Windows\system32;C:\Windows;C:\Windows\System32\Wbem;C:\Windows\System32\WindowsPowerShell\v1.0\;C:\Program Files (x86)\Skype\Phone\;C:\Program Files (x86)\Intel\OpenCL SDK\2.0\bin\x86;C:\Program Files (x86)\Intel\OpenCL SDK\2.0\bin\x64;C:\Program Files (x86)\NVIDIA Corporation\PhysX\Common;C:\Program Files\Microsoft\Web Platform Installer\;C:\Program Files (x86)\Microsoft ASP.NET\ASP.NET Web Pages\v1.0\;C:\Program Files (x86)\Windows Kits\8.0\Windows Performance Toolkit\;C:\Program Files\Microsoft SQL Server\110\Tools\Binn\;C:\Program Files\PuTTY\;C:\Program Files\Git\cmd;C:\Program Files\Java\jdk-11\bin;C:\Users\Vadosss63\AppData\Local\GitHubDesktop\bin
USERNAME=Vadosss63
OS=Windows_NT
PROCESSOR_IDENTIFIER=Intel64 Family 6 Model 42 Stepping 7, GenuineIntel



---------------  S Y S T E M  ---------------

OS: Windows 7 , 64 bit Build 7601 (6.1.7601.17514)

CPU:total 8 (initial active 8) (4 cores per cpu, 2 threads per core) family 6 model 42 stepping 7, cmov, cx8, fxsr, mmx, sse, sse2, sse3, ssse3, sse4.1, sse4.2, popcnt, avx, aes, clmul, ht, tsc, tscinvbit

Memory: 4k page, physical 4042608k(138328k free), swap 6791720k(1404k free)

vm_info: OpenJDK 64-Bit Server VM (25.152-b06) for windows-amd64 JRE (1.8.0_152-release-1136-b06), built by "builder" with MS VC++ 10.0 (VS2010)

time: Sat Dec 01 17:53:55 2018
elapsed time: 192 seconds (0d 0h 3m 12s)

